{"level":"error","message":"Fri Apr 21 2023 20:12:14 GMT+0530 (India Standard Time)-{\"name\":\"Unable to create To Do\",\"statusCode\":500,\"isOperational\":true}","private":true}
{"level":"error","message":"Fri Apr 21 2023 20:13:37 GMT+0530 (India Standard Time)-{\"name\":\"Unable to create To Do\",\"statusCode\":500,\"isOperational\":true}","private":true}
{"level":"error","message":"Fri Apr 21 2023 20:15:48 GMT+0530 (India Standard Time)-{\"name\":\"Unable to create To Do\",\"statusCode\":500,\"isOperational\":true}","private":true}
{"level":"error","message":"Fri Apr 21 2023 20:16:19 GMT+0530 (India Standard Time)-{\"name\":\"Unable to create To Do\",\"statusCode\":500,\"isOperational\":true}","private":true}
{"level":"error","message":"Fri Apr 21 2023 20:17:21 GMT+0530 (India Standard Time)-{\"name\":\"Unable to create To Do\",\"statusCode\":500,\"isOperational\":true}","private":true}
{"level":"error","message":"Fri Apr 21 2023 20:19:00 GMT+0530 (India Standard Time)-{\"name\":\"Unable to create To Do\",\"statusCode\":500,\"isOperational\":true}","private":true}
{"level":"error","message":"Fri Apr 21 2023 20:21:40 GMT+0530 (India Standard Time)-{\"name\":\"Unable to create To Do\",\"statusCode\":500,\"isOperational\":true}","private":true}
{"level":"error","message":"Fri Apr 21 2023 20:23:34 GMT+0530 (India Standard Time)-{\"name\":\"Unable to create To Do\",\"statusCode\":500,\"isOperational\":true}","private":true}
{"level":"error","message":"Fri Apr 21 2023 20:24:14 GMT+0530 (India Standard Time)-{\"name\":\"Unable to create To Do\",\"statusCode\":500,\"isOperational\":true}","private":true}
{"level":"error","message":"Fri Apr 21 2023 21:23:05 GMT+0530 (India Standard Time)-{\"name\":\"Data Not found\",\"statusCode\":500,\"isOperational\":true}","private":true}
{"level":"error","message":"Fri Apr 21 2023 21:32:51 GMT+0530 (India Standard Time)-{}","private":true}
{"level":"error","message":"Fri Apr 21 2023 21:33:03 GMT+0530 (India Standard Time)-{}","private":true}
{"level":"error","message":"Fri Apr 21 2023 21:36:58 GMT+0530 (India Standard Time)-{\"name\":\"Data Not found\",\"statusCode\":500,\"isOperational\":true}","private":true}
{"level":"error","message":"Fri Apr 21 2023 21:38:55 GMT+0530 (India Standard Time)-{\"name\":\"Data Not found\",\"statusCode\":500,\"isOperational\":true}","private":true}
{"level":"error","message":"Fri Apr 21 2023 22:38:29 GMT+0530 (India Standard Time)-{\"name\":\"Unable to create To Do\",\"statusCode\":500,\"isOperational\":true}","private":true}
{"level":"error","message":"Fri Apr 21 2023 22:47:55 GMT+0530 (India Standard Time)-{\"name\":\"Data Not found\",\"statusCode\":500,\"isOperational\":true}","private":true}
{"level":"error","message":"Fri Apr 21 2023 22:48:42 GMT+0530 (India Standard Time)-{\"name\":\"Data Not found\",\"statusCode\":500,\"isOperational\":true}","private":true}
{"level":"error","message":"Fri Apr 21 2023 22:49:19 GMT+0530 (India Standard Time)-{\"name\":\"Data Not found\",\"statusCode\":500,\"isOperational\":true}","private":true}
{"level":"error","message":"Fri Apr 21 2023 22:50:35 GMT+0530 (India Standard Time)-{\"name\":\"Data Not found\",\"statusCode\":500,\"isOperational\":true}","private":true}
{"level":"error","message":"Fri Apr 21 2023 22:52:15 GMT+0530 (India Standard Time)-{\"name\":\"Data Not found\",\"statusCode\":500,\"isOperational\":true}","private":true}
{"level":"error","message":"Fri Apr 21 2023 22:54:03 GMT+0530 (India Standard Time)-{\"name\":\"Data Not found\",\"statusCode\":500,\"isOperational\":true}","private":true}
{"level":"error","message":"Sat Apr 22 2023 11:09:38 GMT+0530 (India Standard Time)-{\"name\":\"Data Not found\",\"statusCode\":500,\"isOperational\":true}","private":true}
{"level":"error","message":"Sat Apr 22 2023 11:20:40 GMT+0530 (India Standard Time)-{\"name\":\"Data Not found\",\"statusCode\":500,\"isOperational\":true}","private":true}
{"level":"error","message":"Sat Apr 22 2023 11:34:56 GMT+0530 (India Standard Time)-{\"name\":\"Data Not found\",\"statusCode\":500,\"isOperational\":true}","private":true}
{"level":"error","message":"Sat Apr 22 2023 12:54:03 GMT+0530 (India Standard Time)-{\"name\":\"Data Not found\",\"statusCode\":500,\"isOperational\":true}","private":true}
{"level":"error","message":"Sat Apr 22 2023 12:54:23 GMT+0530 (India Standard Time)-{\"name\":\"Data Not found\",\"statusCode\":500,\"isOperational\":true}","private":true}
{"level":"error","message":"Sat Apr 22 2023 14:38:38 GMT+0530 (India Standard Time)-{\"name\":\"Data Not found\",\"statusCode\":500,\"isOperational\":true}","private":true}
{"level":"error","message":"Sat Apr 22 2023 14:38:38 GMT+0530 (India Standard Time)-{\"name\":\"Data Not found\",\"statusCode\":500,\"isOperational\":true}","private":true}
{"level":"error","message":"Sat Apr 22 2023 14:40:33 GMT+0530 (India Standard Time)-{\"name\":\"Data Not found\",\"statusCode\":500,\"isOperational\":true}","private":true}
{"level":"error","message":"Sat Apr 22 2023 14:40:34 GMT+0530 (India Standard Time)-{\"name\":\"Data Not found\",\"statusCode\":500,\"isOperational\":true}","private":true}
{"level":"error","message":"Sat Apr 22 2023 14:40:34 GMT+0530 (India Standard Time)-{\"name\":\"Data Not found\",\"statusCode\":500,\"isOperational\":true}","private":true}
{"level":"error","message":"Sat Apr 22 2023 18:06:29 GMT+0530 (India Standard Time)-{\"name\":\"Data Not found\",\"statusCode\":500,\"isOperational\":true}","private":true}
{"level":"error","message":"Sat Apr 22 2023 18:21:32 GMT+0530 (India Standard Time)-{\"name\":\"Unable to create To Do\",\"statusCode\":500,\"isOperational\":true}","private":true}
{"level":"error","message":"Sat Apr 22 2023 18:22:10 GMT+0530 (India Standard Time)-{\"name\":\"Unable to create To Do\",\"statusCode\":500,\"isOperational\":true}","private":true}
